<?xml version="1.0" ?>
<TestCase>
	<url>http://127.0.0.1:8888/WeatherAppV1.html</url>
	<actionSequence>
		<actions>
			<ClickAction>
				<identifier class="IdWebElementIdentifier">
					<id>gwt-debug-LoadCities</id>
				</identifier>
				<initial>false</initial>
			</ClickAction>
			<ClickAction>
				<identifier class="IdWebElementIdentifier">
					<id>gwt-debug-LoadCities</id>
				</identifier>
				<initial>false</initial>
			</ClickAction>
			<ClickAction>
				<identifier class="IdWebElementIdentifier">
					<id>gwt-debug-LoadCities</id>
				</identifier>
				<initial>false</initial>
			</ClickAction>
			<SetTextAction>
				<keysToSend>China</keysToSend>
				<identifier class="IdWebElementIdentifier">
					<id>gwt-debug-CountryName</id>
				</identifier>
				<initial>false</initial>
			</SetTextAction>
			<SetTextAction>
				<keysToSend>Not a country</keysToSend>
				<identifier class="IdWebElementIdentifier">
					<id>gwt-debug-CountryName</id>
				</identifier>
				<initial>false</initial>
			</SetTextAction>
		</actions>
	</actionSequence>
	<finalState>
		<VisibleElementsState>
			<elementProperties>
				<entry>
					<IndexWebElementIdentifier>
						<index>10</index>
						<basis>STATEFUL</basis>
					</IndexWebElementIdentifier>
					<map>
						<entry>
							<string>id</string>
							<string></string>
						</entry>
						<entry>
							<string>enabled</string>
							<string>true</string>
						</entry>
						<entry>
							<string>title</string>
							<string></string>
						</entry>
						<entry>
							<string>selected</string>
							<string>false</string>
						</entry>
						<entry>
							<string>style</string>
							<string></string>
						</entry>
						<entry>
							<string>tagName</string>
							<string>table</string>
						</entry>
						<entry>
							<string>value</string>
							<string>Search for a country: Find cities
								No cities found
							</string>
						</entry>
						<entry>
							<string>class</string>
							<string></string>
						</entry>
					</map>
				</entry>
				<entry>
					<IdWebElementIdentifier>
						<id>gwt-debug-CountryName</id>
					</IdWebElementIdentifier>
					<map>
						<entry>
							<string>id</string>
							<string>gwt-debug-CountryName</string>
						</entry>
						<entry>
							<string>enabled</string>
							<string>true</string>
						</entry>
						<entry>
							<string>title</string>
							<string></string>
						</entry>
						<entry>
							<string>selected</string>
							<string>false</string>
						</entry>
						<entry>
							<string>style</string>
							<string></string>
						</entry>
						<entry>
							<string>tagName</string>
							<string>input</string>
						</entry>
						<entry>
							<string>value</string>
							<string></string>
						</entry>
						<entry>
							<string>class</string>
							<string>gwt-TextBox</string>
						</entry>
						<entry>
							<string>type</string>
							<string>text</string>
						</entry>
					</map>
				</entry>
				<entry>
					<IndexWebElementIdentifier>
						<index>20</index>
						<basis reference="../../../entry/IndexWebElementIdentifier/basis"></basis>
					</IndexWebElementIdentifier>
					<map>
						<entry>
							<string>id</string>
							<string></string>
						</entry>
						<entry>
							<string>enabled</string>
							<string>true</string>
						</entry>
						<entry>
							<string>title</string>
							<string></string>
						</entry>
						<entry>
							<string>selected</string>
							<string>false</string>
						</entry>
						<entry>
							<string>style</string>
							<string></string>
						</entry>
						<entry>
							<string>tagName</string>
							<string>tbody</string>
						</entry>
						<entry>
							<string>value</string>
							<string></string>
						</entry>
						<entry>
							<string>class</string>
							<string></string>
						</entry>
					</map>
				</entry>
				<entry>
					<IndexWebElementIdentifier>
						<index>11</index>
						<basis reference="../../../entry/IndexWebElementIdentifier/basis"></basis>
					</IndexWebElementIdentifier>
					<map>
						<entry>
							<string>id</string>
							<string></string>
						</entry>
						<entry>
							<string>enabled</string>
							<string>true</string>
						</entry>
						<entry>
							<string>title</string>
							<string></string>
						</entry>
						<entry>
							<string>selected</string>
							<string>false</string>
						</entry>
						<entry>
							<string>style</string>
							<string></string>
						</entry>
						<entry>
							<string>tagName</string>
							<string>tbody</string>
						</entry>
						<entry>
							<string>value</string>
							<string>Search for a country: Find cities</string>
						</entry>
						<entry>
							<string>class</string>
							<string></string>
						</entry>
					</map>
				</entry>
				<entry>
					<IdWebElementIdentifier>
						<id>gwt-debug-NoCities</id>
					</IdWebElementIdentifier>
					<map>
						<entry>
							<string>id</string>
							<string>gwt-debug-NoCities</string>
						</entry>
						<entry>
							<string>enabled</string>
							<string>true</string>
						</entry>
						<entry>
							<string>title</string>
							<string></string>
						</entry>
						<entry>
							<string>selected</string>
							<string>false</string>
						</entry>
						<entry>
							<string>style</string>
							<string></string>
						</entry>
						<entry>
							<string>tagName</string>
							<string>div</string>
						</entry>
						<entry>
							<string>value</string>
							<string>No cities found</string>
						</entry>
						<entry>
							<string>class</string>
							<string>GMCXR2ABFI</string>
						</entry>
					</map>
				</entry>
				<entry>
					<IndexWebElementIdentifier>
						<index>12</index>
						<basis reference="../../../entry/IndexWebElementIdentifier/basis"></basis>
					</IndexWebElementIdentifier>
					<map>
						<entry>
							<string>id</string>
							<string></string>
						</entry>
						<entry>
							<string>enabled</string>
							<string>true</string>
						</entry>
						<entry>
							<string>title</string>
							<string></string>
						</entry>
						<entry>
							<string>selected</string>
							<string>false</string>
						</entry>
						<entry>
							<string>style</string>
							<string></string>
						</entry>
						<entry>
							<string>tagName</string>
							<string>tr</string>
						</entry>
						<entry>
							<string>value</string>
							<string>Search for a country: Find cities</string>
						</entry>
						<entry>
							<string>class</string>
							<string></string>
						</entry>
					</map>
				</entry>
				<entry>
					<IndexWebElementIdentifier>
						<index>4</index>
						<basis reference="../../../entry/IndexWebElementIdentifier/basis"></basis>
					</IndexWebElementIdentifier>
					<map>
						<entry>
							<string>id</string>
							<string></string>
						</entry>
						<entry>
							<string>enabled</string>
							<string>true</string>
						</entry>
						<entry>
							<string>title</string>
							<string></string>
						</entry>
						<entry>
							<string>selected</string>
							<string>false</string>
						</entry>
						<entry>
							<string>style</string>
							<string></string>
						</entry>
						<entry>
							<string>tagName</string>
							<string>div</string>
						</entry>
						<entry>
							<string>value</string>
							<string>Sign in</string>
						</entry>
						<entry>
							<string>class</string>
							<string></string>
						</entry>
					</map>
				</entry>
				<entry>
					<IndexWebElementIdentifier>
						<index>3</index>
						<basis reference="../../../entry/IndexWebElementIdentifier/basis"></basis>
					</IndexWebElementIdentifier>
					<map>
						<entry>
							<string>id</string>
							<string></string>
						</entry>
						<entry>
							<string>enabled</string>
							<string>true</string>
						</entry>
						<entry>
							<string>title</string>
							<string></string>
						</entry>
						<entry>
							<string>selected</string>
							<string>false</string>
						</entry>
						<entry>
							<string>style</string>
							<string></string>
						</entry>
						<entry>
							<string>tagName</string>
							<string>div</string>
						</entry>
						<entry>
							<string>value</string>
							<string>Sign in
								World Weather
								Search for a country: Find cities
								No cities found
							</string>
						</entry>
						<entry>
							<string>class</string>
							<string></string>
						</entry>
					</map>
				</entry>
				<entry>
					<IdWebElementIdentifier>
						<id>gwt-debug-LoadCities</id>
					</IdWebElementIdentifier>
					<map>
						<entry>
							<string>id</string>
							<string>gwt-debug-LoadCities</string>
						</entry>
						<entry>
							<string>enabled</string>
							<string>true</string>
						</entry>
						<entry>
							<string>title</string>
							<string></string>
						</entry>
						<entry>
							<string>selected</string>
							<string>false</string>
						</entry>
						<entry>
							<string>style</string>
							<string></string>
						</entry>
						<entry>
							<string>tagName</string>
							<string>button</string>
						</entry>
						<entry>
							<string>value</string>
							<string>Find cities</string>
						</entry>
						<entry>
							<string>class</string>
							<string>GMCXR2ABFI</string>
						</entry>
						<entry>
							<string>type</string>
							<string>button</string>
						</entry>
					</map>
				</entry>
				<entry>
					<IndexWebElementIdentifier>
						<index>15</index>
						<basis reference="../../../entry/IndexWebElementIdentifier/basis"></basis>
					</IndexWebElementIdentifier>
					<map>
						<entry>
							<string>id</string>
							<string></string>
						</entry>
						<entry>
							<string>enabled</string>
							<string>true</string>
						</entry>
						<entry>
							<string>title</string>
							<string></string>
						</entry>
						<entry>
							<string>selected</string>
							<string>false</string>
						</entry>
						<entry>
							<string>style</string>
							<string></string>
						</entry>
						<entry>
							<string>tagName</string>
							<string>td</string>
						</entry>
						<entry>
							<string>value</string>
							<string></string>
						</entry>
						<entry>
							<string>class</string>
							<string></string>
						</entry>
					</map>
				</entry>
				<entry>
					<IndexWebElementIdentifier>
						<index>13</index>
						<basis reference="../../../entry/IndexWebElementIdentifier/basis"></basis>
					</IndexWebElementIdentifier>
					<map>
						<entry>
							<string>id</string>
							<string></string>
						</entry>
						<entry>
							<string>enabled</string>
							<string>true</string>
						</entry>
						<entry>
							<string>title</string>
							<string></string>
						</entry>
						<entry>
							<string>selected</string>
							<string>false</string>
						</entry>
						<entry>
							<string>style</string>
							<string></string>
						</entry>
						<entry>
							<string>tagName</string>
							<string>td</string>
						</entry>
						<entry>
							<string>value</string>
							<string>Search for a country:</string>
						</entry>
						<entry>
							<string>class</string>
							<string></string>
						</entry>
					</map>
				</entry>
				<entry>
					<IndexWebElementIdentifier>
						<index>17</index>
						<basis reference="../../../entry/IndexWebElementIdentifier/basis"></basis>
					</IndexWebElementIdentifier>
					<map>
						<entry>
							<string>id</string>
							<string></string>
						</entry>
						<entry>
							<string>enabled</string>
							<string>true</string>
						</entry>
						<entry>
							<string>title</string>
							<string></string>
						</entry>
						<entry>
							<string>selected</string>
							<string>false</string>
						</entry>
						<entry>
							<string>style</string>
							<string></string>
						</entry>
						<entry>
							<string>tagName</string>
							<string>td</string>
						</entry>
						<entry>
							<string>value</string>
							<string>Find cities</string>
						</entry>
						<entry>
							<string>class</string>
							<string></string>
						</entry>
					</map>
				</entry>
				<entry>
					<IndexWebElementIdentifier>
						<index>7</index>
						<basis reference="../../../entry/IndexWebElementIdentifier/basis"></basis>
					</IndexWebElementIdentifier>
					<map>
						<entry>
							<string>id</string>
							<string></string>
						</entry>
						<entry>
							<string>enabled</string>
							<string>true</string>
						</entry>
						<entry>
							<string>title</string>
							<string></string>
						</entry>
						<entry>
							<string>selected</string>
							<string>false</string>
						</entry>
						<entry>
							<string>style</string>
							<string></string>
						</entry>
						<entry>
							<string>tagName</string>
							<string>div</string>
						</entry>
						<entry>
							<string>value</string>
							<string></string>
						</entry>
						<entry>
							<string>class</string>
							<string></string>
						</entry>
					</map>
				</entry>
				<entry>
					<IdWebElementIdentifier>
						<id>gwt-debug-UserName</id>
					</IdWebElementIdentifier>
					<map>
						<entry>
							<string>id</string>
							<string>gwt-debug-UserName</string>
						</entry>
						<entry>
							<string>enabled</string>
							<string>true</string>
						</entry>
						<entry>
							<string>title</string>
							<string></string>
						</entry>
						<entry>
							<string>selected</string>
							<string>false</string>
						</entry>
						<entry>
							<string>style</string>
							<string></string>
						</entry>
						<entry>
							<string>tagName</string>
							<string>input</string>
						</entry>
						<entry>
							<string>value</string>
							<string></string>
						</entry>
						<entry>
							<string>class</string>
							<string>gwt-TextBox</string>
						</entry>
						<entry>
							<string>type</string>
							<string>text</string>
						</entry>
					</map>
				</entry>
				<entry>
					<IdWebElementIdentifier>
						<id>gwt-debug-Login</id>
					</IdWebElementIdentifier>
					<map>
						<entry>
							<string>id</string>
							<string>gwt-debug-Login</string>
						</entry>
						<entry>
							<string>enabled</string>
							<string>true</string>
						</entry>
						<entry>
							<string>title</string>
							<string></string>
						</entry>
						<entry>
							<string>selected</string>
							<string>false</string>
						</entry>
						<entry>
							<string>style</string>
							<string></string>
						</entry>
						<entry>
							<string>tagName</string>
							<string>button</string>
						</entry>
						<entry>
							<string>value</string>
							<string>Sign in</string>
						</entry>
						<entry>
							<string>class</string>
							<string>gwt-Button</string>
						</entry>
						<entry>
							<string>type</string>
							<string>button</string>
						</entry>
					</map>
				</entry>
				<entry>
					<IndexWebElementIdentifier>
						<index>9</index>
						<basis reference="../../../entry/IndexWebElementIdentifier/basis"></basis>
					</IndexWebElementIdentifier>
					<map>
						<entry>
							<string>id</string>
							<string></string>
						</entry>
						<entry>
							<string>enabled</string>
							<string>true</string>
						</entry>
						<entry>
							<string>title</string>
							<string></string>
						</entry>
						<entry>
							<string>selected</string>
							<string>false</string>
						</entry>
						<entry>
							<string>style</string>
							<string></string>
						</entry>
						<entry>
							<string>tagName</string>
							<string>h1</string>
						</entry>
						<entry>
							<string>value</string>
							<string>World Weather</string>
						</entry>
						<entry>
							<string>class</string>
							<string></string>
						</entry>
					</map>
				</entry>
				<entry>
					<IndexWebElementIdentifier>
						<index>14</index>
						<basis reference="../../../entry/IndexWebElementIdentifier/basis"></basis>
					</IndexWebElementIdentifier>
					<map>
						<entry>
							<string>id</string>
							<string></string>
						</entry>
						<entry>
							<string>enabled</string>
							<string>true</string>
						</entry>
						<entry>
							<string>title</string>
							<string></string>
						</entry>
						<entry>
							<string>selected</string>
							<string>false</string>
						</entry>
						<entry>
							<string>style</string>
							<string></string>
						</entry>
						<entry>
							<string>tagName</string>
							<string>span</string>
						</entry>
						<entry>
							<string>value</string>
							<string>Search for a country:</string>
						</entry>
						<entry>
							<string>class</string>
							<string></string>
						</entry>
					</map>
				</entry>
			</elementProperties>
			<elementType>VISIBLE</elementType>
		</VisibleElementsState>
	</finalState>
	<config>
		<selectorRegistry>
			<selectorsByKey>
				<entry>
					<string>ACTIONABLE</string>
					<TagWebElementSelector>
						<xpath>//input | //textarea | //a | //button | //select</xpath>
					</TagWebElementSelector>
				</entry>
			</selectorsByKey>
		</selectorRegistry>
	</config>
</TestCase>